Could not find platform independent libraries <prefix>
Could not find platform dependent libraries <exec_prefix>
Consider setting $PYTHONHOME to <prefix>[:<exec_prefix>]
Python path configuration:
  PYTHONHOME = (not set)
  PYTHONPATH = (not set)
  program name = '/fs01/home/negin/.local/share/pypoetry/venv/bin/python3'
  isolated = 1
  environment = 0
  user site = 0
  import site = 1
  sys._base_executable = '/fs01/home/negin/.local/share/pypoetry/venv/bin/python3'
  sys.base_prefix = '/ssd001/pkgs/python-3.9.10'
  sys.base_exec_prefix = '/ssd001/pkgs/python-3.9.10'
  sys.platlibdir = 'lib'
  sys.executable = '/fs01/home/negin/.local/share/pypoetry/venv/bin/python3'
  sys.prefix = '/ssd001/pkgs/python-3.9.10'
  sys.exec_prefix = '/ssd001/pkgs/python-3.9.10'
  sys.path = [
    '/ssd001/pkgs/python-3.9.10/lib/python39.zip',
    '/ssd001/pkgs/python-3.9.10/lib/python3.9',
    '/ssd001/pkgs/python-3.9.10/lib/lib-dynload',
  ]
Fatal Python error: init_fs_encoding: failed to get the Python codec of the filesystem encoding
Python runtime state: core initialized
ModuleNotFoundError: No module named 'encodings'

Current thread 0x00007fceba519080 (most recent call first):
<no Python frame>

Traceback:

  File "<stdin>", line 923, in main
  File "<stdin>", line 562, in run
